This is pdfTeX, Version 3.141592653-2.6-1.40.25 (MiKTeX 24.1) (preloaded format=pdflatex 2024.2.9)  15 FEB 2024 23:37
entering extended mode
 restricted \write18 enabled.
 file:line:error style messages enabled.
 %&-line parsing enabled.
**"d:/Codes/py/Networking-Lab/lab4/Lab Report/main.tex"
(d:/Codes/py/Networking-Lab/lab4/Lab Report/main.tex
LaTeX2e <2023-11-01> patch level 1
L3 programming layer <2024-01-22>
(C:\Users\mahmu\AppData\Local\Programs\MiKTeX\tex/latex/base\article.cls
Document Class: article 2023/05/17 v1.4n Standard LaTeX document class
(C:\Users\mahmu\AppData\Local\Programs\MiKTeX\tex/latex/base\size11.clo
File: size11.clo 2023/05/17 v1.4n Standard LaTeX file (size option)
)
\c@part=\count187
\c@section=\count188
\c@subsection=\count189
\c@subsubsection=\count190
\c@paragraph=\count191
\c@subparagraph=\count192
\c@figure=\count193
\c@table=\count194
\abovecaptionskip=\skip48
\belowcaptionskip=\skip49
\bibindent=\dimen140
) (C:\Users\mahmu\AppData\Local\Programs\MiKTeX\tex/latex/xcolor\xcolor.sty
Package: xcolor 2023/11/15 v3.01 LaTeX color extensions (UK)
 (C:\Users\mahmu\AppData\Local\Programs\MiKTeX\tex/latex/graphics-cfg\color.cfg
File: color.cfg 2016/01/02 v1.6 sample color configuration
)
Package xcolor Info: Driver file: pdftex.def on input line 274.
 (C:\Users\mahmu\AppData\Local\Programs\MiKTeX\tex/latex/graphics-def\pdftex.def
File: pdftex.def 2022/09/22 v1.2b Graphics/color driver for pdftex
) (C:\Users\mahmu\AppData\Local\Programs\MiKTeX\tex/latex/graphics\mathcolor.ltx)
Package xcolor Info: Model `cmy' substituted by `cmy0' on input line 1350.
Package xcolor Info: Model `hsb' substituted by `rgb' on input line 1354.
Package xcolor Info: Model `RGB' extended on input line 1366.
Package xcolor Info: Model `HTML' substituted by `rgb' on input line 1368.
Package xcolor Info: Model `Hsb' substituted by `hsb' on input line 1369.
Package xcolor Info: Model `tHsb' substituted by `hsb' on input line 1370.
Package xcolor Info: Model `HSB' substituted by `hsb' on input line 1371.
Package xcolor Info: Model `Gray' substituted by `gray' on input line 1372.
Package xcolor Info: Model `wave' substituted by `hsb' on input line 1373.
) (C:\Users\mahmu\AppData\Local\Programs\MiKTeX\tex/latex/listings\listings.sty (C:\Users\mahmu\AppData\Local\Programs\MiKTeX\tex/latex/graphics\keyval.sty
Package: keyval 2022/05/29 v1.15 key=value parser (DPC)
\KV@toks@=\toks17
)
\lst@mode=\count195
\lst@gtempboxa=\box51
\lst@token=\toks18
\lst@length=\count196
\lst@currlwidth=\dimen141
\lst@column=\count197
\lst@pos=\count198
\lst@lostspace=\dimen142
\lst@width=\dimen143
\lst@newlines=\count199
\lst@lineno=\count266
\lst@maxwidth=\dimen144
 (C:\Users\mahmu\AppData\Local\Programs\MiKTeX\tex/latex/listings\lstmisc.sty
File: lstmisc.sty 2023/02/27 1.9 (Carsten Heinz)
\c@lstnumber=\count267
\lst@skipnumbers=\count268
\lst@framebox=\box52
) (C:\Users\mahmu\AppData\Local\Programs\MiKTeX\tex/latex/listings\listings.cfg
File: listings.cfg 2023/02/27 1.9 listings configuration
))
Package: listings 2023/02/27 1.9 (Carsten Heinz)
 (C:\Users\mahmu\AppData\Local\Programs\MiKTeX\tex/latex/graphics\graphicx.sty
Package: graphicx 2021/09/16 v1.2d Enhanced LaTeX Graphics (DPC,SPQR)
 (C:\Users\mahmu\AppData\Local\Programs\MiKTeX\tex/latex/graphics\graphics.sty
Package: graphics 2022/03/10 v1.4e Standard LaTeX Graphics (DPC,SPQR)
 (C:\Users\mahmu\AppData\Local\Programs\MiKTeX\tex/latex/graphics\trig.sty
Package: trig 2021/08/11 v1.11 sin cos tan (DPC)
) (C:\Users\mahmu\AppData\Local\Programs\MiKTeX\tex/latex/graphics-cfg\graphics.cfg
File: graphics.cfg 2016/06/04 v1.11 sample graphics configuration
)
Package graphics Info: Driver file: pdftex.def on input line 107.
)
\Gin@req@height=\dimen145
\Gin@req@width=\dimen146
) (C:\Users\mahmu\AppData\Local\Programs\MiKTeX\tex/latex/url\url.sty
\Urlmuskip=\muskip16
Package: url 2013/09/16  ver 3.4  Verb mode for urls, etc.
) (C:\Users\mahmu\AppData\Local\Programs\MiKTeX\tex/latex/tools\multicol.sty
Package: multicol 2023/03/30 v1.9f multicolumn formatting (FMi)
\c@tracingmulticols=\count269
\mult@box=\box53
\multicol@leftmargin=\dimen147
\c@unbalance=\count270
\c@collectmore=\count271
\doublecol@number=\count272
\multicoltolerance=\count273
\multicolpretolerance=\count274
\full@width=\dimen148
\page@free=\dimen149
\premulticols=\dimen150
\postmulticols=\dimen151
\multicolsep=\skip50
\multicolbaselineskip=\skip51
\partial@page=\box54
\last@line=\box55
\mc@boxedresult=\box56
\maxbalancingoverflow=\dimen152
\mult@rightbox=\box57
\mult@grightbox=\box58
\mult@firstbox=\box59
\mult@gfirstbox=\box60
\@tempa=\box61
\@tempa=\box62
\@tempa=\box63
\@tempa=\box64
\@tempa=\box65
\@tempa=\box66
\@tempa=\box67
\@tempa=\box68
\@tempa=\box69
\@tempa=\box70
\@tempa=\box71
\@tempa=\box72
\@tempa=\box73
\@tempa=\box74
\@tempa=\box75
\@tempa=\box76
\@tempa=\box77
\@tempa=\box78
\@tempa=\box79
\@tempa=\box80
\@tempa=\box81
\@tempa=\box82
\@tempa=\box83
\@tempa=\box84
\@tempa=\box85
\@tempa=\box86
\@tempa=\box87
\@tempa=\box88
\@tempa=\box89
\@tempa=\box90
\@tempa=\box91
\@tempa=\box92
\@tempa=\box93
\@tempa=\box94
\@tempa=\box95
\@tempa=\box96
\c@minrows=\count275
\c@columnbadness=\count276
\c@finalcolumnbadness=\count277
\last@try=\dimen153
\multicolovershoot=\dimen154
\multicolundershoot=\dimen155
\mult@nat@firstbox=\box97
\colbreak@box=\box98
\mc@col@check@num=\count278
) (C:\Users\mahmu\AppData\Local\Programs\MiKTeX\tex/latex/tools\verbatim.sty
Package: verbatim 2023-11-06 v1.5v LaTeX2e package for verbatim enhancements
\every@verbatim=\toks19
\verbatim@line=\toks20
\verbatim@in@stream=\read2
) (C:\Users\mahmu\AppData\Local\Programs\MiKTeX\tex/latex/placeins\placeins.sty
Package: placeins 2005/04/18  v 2.2
) (C:\Users\mahmu\AppData\Local\Programs\MiKTeX\tex/latex/l3backend\l3backend-pdftex.def
File: l3backend-pdftex.def 2024-01-04 L3 backend support: PDF output (pdfTeX)
\l__color_backend_stack_int=\count279
\l__pdf_internal_box=\box99
) (main.aux)
\openout1 = `main.aux'.

LaTeX Font Info:    Checking defaults for OML/cmm/m/it on input line 21.
LaTeX Font Info:    ... okay on input line 21.
LaTeX Font Info:    Checking defaults for OMS/cmsy/m/n on input line 21.
LaTeX Font Info:    ... okay on input line 21.
LaTeX Font Info:    Checking defaults for OT1/cmr/m/n on input line 21.
LaTeX Font Info:    ... okay on input line 21.
LaTeX Font Info:    Checking defaults for T1/cmr/m/n on input line 21.
LaTeX Font Info:    ... okay on input line 21.
LaTeX Font Info:    Checking defaults for TS1/cmr/m/n on input line 21.
LaTeX Font Info:    ... okay on input line 21.
LaTeX Font Info:    Checking defaults for OMX/cmex/m/n on input line 21.
LaTeX Font Info:    ... okay on input line 21.
LaTeX Font Info:    Checking defaults for U/cmr/m/n on input line 21.
LaTeX Font Info:    ... okay on input line 21.
 (C:\Users\mahmu\AppData\Local\Programs\MiKTeX\tex/context/base/mkii\supp-pdf.mkii
[Loading MPS to PDF converter (version 2006.09.02).]
\scratchcounter=\count280
\scratchdimen=\dimen156
\scratchbox=\box100
\nofMPsegments=\count281
\nofMParguments=\count282
\everyMPshowfont=\toks21
\MPscratchCnt=\count283
\MPscratchDim=\dimen157
\MPnumerator=\count284
\makeMPintoPDFobject=\count285
\everyMPtoPDFconversion=\toks22
) (C:\Users\mahmu\AppData\Local\Programs\MiKTeX\tex/latex/epstopdf-pkg\epstopdf-base.sty
Package: epstopdf-base 2020-01-24 v2.11 Base part for package epstopdf
Package epstopdf-base Info: Redefining graphics rule for `.eps' on input line 485.
 (C:\Users\mahmu\AppData\Local\Programs\MiKTeX\tex/latex/00miktex\epstopdf-sys.cfg
File: epstopdf-sys.cfg 2021/03/18 v2.0 Configuration of epstopdf for MiKTeX
))
\c@lstlisting=\count286
<du_logo.png, id=1, 237.88875pt x 301.125pt>
File: du_logo.png Graphic file (type png)
<use du_logo.png>
Package pdftex.def Info: du_logo.png  used on input line 25.
(pdftex.def)             Requested size: 83.2623pt x 105.39532pt.

Underfull \hbox (badness 10000) in paragraph at lines 40--45

 []


Underfull \hbox (badness 10000) in paragraph at lines 57--58

 []

[1

{C:/Users/mahmu/AppData/Local/MiKTeX/fonts/map/pdftex/pdftex.map} <./du_logo.png>] [1] [2] [3]
<task1_server.png, id=22, 449.88075pt x 196.93575pt>
File: task1_server.png Graphic file (type png)
<use task1_server.png>
Package pdftex.def Info: task1_server.png  used on input line 155.
(pdftex.def)             Requested size: 360.0pt x 157.59085pt.


LaTeX Warning: `!h' float specifier changed to `!ht'.

<task1_server_uns.png, id=25, 434.22224pt x 181.8795pt>
File: task1_server_uns.png Graphic file (type png)
<use task1_server_uns.png>
Package pdftex.def Info: task1_server_uns.png  used on input line 161.
(pdftex.def)             Requested size: 360.0pt x 150.79063pt.

LaTeX Warning: `!h' float specifier changed to `!ht'.

[4]
<task1_client.png, id=30, 447.47176pt x 256.5585pt>
File: task1_client.png Graphic file (type png)
<use task1_client.png>
Package pdftex.def Info: task1_client.png  used on input line 170.
(pdftex.def)             Requested size: 360.0pt x 206.40585pt.


LaTeX Warning: `!h' float specifier changed to `!ht'.

<task1_client_uns.png, id=32, 422.17725pt x 173.448pt>
File: task1_client_uns.png Graphic file (type png)
<use task1_client_uns.png>
Package pdftex.def Info: task1_client_uns.png  used on input line 176.
(pdftex.def)             Requested size: 360.0pt x 147.90787pt.

LaTeX Warning: `!h' float specifier changed to `!ht'.

[5 <./task1_server.png> <./task1_server_uns.png>]
<task2_client_unsuccessful.png, id=41, 401.70074pt x 296.307pt>
File: task2_client_unsuccessful.png Graphic file (type png)
<use task2_client_unsuccessful.png>
Package pdftex.def Info: task2_client_unsuccessful.png  used on input line 189.
(pdftex.def)             Requested size: 360.0pt x 265.55255pt.
 [6 <./task1_client.png> <./task1_client_uns.png>]
<task2_client_back_from_root.png, id=51, 434.8245pt x 229.45724pt>
File: task2_client_back_from_root.png Graphic file (type png)
<use task2_client_back_from_root.png>
Package pdftex.def Info: task2_client_back_from_root.png  used on input line 195.
(pdftex.def)             Requested size: 360.0pt x 189.97678pt.


LaTeX Warning: `!h' float specifier changed to `!ht'.

<task2_client_back_from_auth.png, id=53, 443.85825pt x 366.168pt>
File: task2_client_back_from_auth.png Graphic file (type png)
<use task2_client_back_from_auth.png>
Package pdftex.def Info: task2_client_back_from_auth.png  used on input line 201.
(pdftex.def)             Requested size: 360.0pt x 296.99673pt.

LaTeX Warning: `!h' float specifier changed to `!ht'.

[7 <./task2_client_unsuccessful.png>] [8 <./task2_client_back_from_root.png>] [9 <./task2_client_back_from_auth.png>]
<task2_server_root.png, id=70, 570.33075pt x 374.5995pt>
File: task2_server_root.png Graphic file (type png)
<use task2_server_root.png>
Package pdftex.def Info: task2_server_root.png  used on input line 215.
(pdftex.def)             Requested size: 360.0pt x 236.4562pt.
<task2_server_com_tld.png, id=72, 356.532pt x 127.677pt>
File: task2_server_com_tld.png Graphic file (type png)
<use task2_server_com_tld.png>
Package pdftex.def Info: task2_server_com_tld.png  used on input line 223.
(pdftex.def)             Requested size: 360.0pt x 128.92937pt.


LaTeX Warning: `!h' float specifier changed to `!ht'.

[10

 <./task2_server_root.png>]
<task2_server_com_auth.png, id=79, 392.06474pt x 141.52875pt>
File: task2_server_com_auth.png Graphic file (type png)
<use task2_server_com_auth.png>
Package pdftex.def Info: task2_server_com_auth.png  used on input line 231.
(pdftex.def)             Requested size: 360.0pt x 129.95319pt.
<task2_server_bd_tld.png, id=81, 428.802pt x 172.84575pt>
File: task2_server_bd_tld.png Graphic file (type png)
<use task2_server_bd_tld.png>
Package pdftex.def Info: task2_server_bd_tld.png  used on input line 239.
(pdftex.def)             Requested size: 360.0pt x 145.11821pt.


LaTeX Warning: `!h' float specifier changed to `!ht'.

[11 <./task2_server_com_tld.png> <./task2_server_com_auth.png>]
File: task2_server_root.png Graphic file (type png)
<use task2_server_root.png>
Package pdftex.def Info: task2_server_root.png  used on input line 247.
(pdftex.def)             Requested size: 360.0pt x 236.4562pt.
 [12 <./task2_server_bd_tld.png>]
<task3_client_unsuccessful.png, id=98, 359.54324pt x 121.6545pt>
File: task3_client_unsuccessful.png Graphic file (type png)
<use task3_client_unsuccessful.png>
Package pdftex.def Info: task3_client_unsuccessful.png  used on input line 264.
(pdftex.def)             Requested size: 360.0pt x 121.81197pt.
<task3_client_back_from_tld.png, id=100, 407.121pt x 197.538pt>
File: task3_client_back_from_tld.png Graphic file (type png)
<use task3_client_back_from_tld.png>
Package pdftex.def Info: task3_client_back_from_tld.png  used on input line 271.
(pdftex.def)             Requested size: 360.0pt x 174.68396pt.
<task3_client_back_from_auth.png, id=102, 426.393pt x 211.992pt>
File: task3_client_back_from_auth.png Graphic file (type png)
<use task3_client_back_from_auth.png>
Package pdftex.def Info: task3_client_back_from_auth.png  used on input line 278.
(pdftex.def)             Requested size: 360.0pt x 178.98749pt.


LaTeX Warning: `!h' float specifier changed to `!ht'.

[13 <./task3_client_unsuccessful.png> <./task3_client_back_from_tld.png>]
<task3_server_resolver.png, id=111, 525.162pt x 479.99326pt>
File: task3_server_resolver.png Graphic file (type png)
<use task3_server_resolver.png>
Package pdftex.def Info: task3_server_resolver.png  used on input line 292.
(pdftex.def)             Requested size: 360.0pt x 329.0351pt.


LaTeX Warning: `!h' float specifier changed to `!ht'.

[14 <./task3_client_back_from_auth.png>]
<task3_server_root.png, id=118, 360.1455pt x 545.03625pt>
File: task3_server_root.png Graphic file (type png)
<use task3_server_root.png>
Package pdftex.def Info: task3_server_root.png  used on input line 300.
(pdftex.def)             Requested size: 360.0pt x 544.84364pt.


LaTeX Warning: Float too large for page by 29.17258pt on input line 302.


LaTeX Warning: `!h' float specifier changed to `!ht'.

[15 <./task3_server_resolver.png>] [16 <./task3_server_root.png>]
<task3_server_com_tld.png, id=130, 500.46976pt x 446.8695pt>
File: task3_server_com_tld.png Graphic file (type png)
<use task3_server_com_tld.png>
Package pdftex.def Info: task3_server_com_tld.png  used on input line 308.
(pdftex.def)             Requested size: 360.0pt x 321.45941pt.
<task3_server_com_auth.png, id=132, 443.256pt x 341.47575pt>
File: task3_server_com_auth.png Graphic file (type png)
<use task3_server_com_auth.png>
Package pdftex.def Info: task3_server_com_auth.png  used on input line 316.
(pdftex.def)             Requested size: 360.0pt x 277.33894pt.


LaTeX Warning: `!h' float specifier changed to `!ht'.

[17

 <./task3_server_com_tld.png>]
<task3_server_bd_tld.png, id=139, 377.0085pt x 191.5155pt>
File: task3_server_bd_tld.png Graphic file (type png)
<use task3_server_bd_tld.png>
Package pdftex.def Info: task3_server_bd_tld.png  used on input line 324.
(pdftex.def)             Requested size: 360.0pt x 182.87672pt.


LaTeX Warning: `!h' float specifier changed to `!ht'.

[18 <./task3_server_com_auth.png>]
<task3_server_bd_auth.png, id=147, 383.63326pt x 196.3335pt>
File: task3_server_bd_auth.png Graphic file (type png)
<use task3_server_bd_auth.png>
Package pdftex.def Info: task3_server_bd_auth.png  used on input line 332.
(pdftex.def)             Requested size: 360.0pt x 184.24193pt.
 [19 <./task3_server_bd_tld.png> <./task3_server_bd_auth.png>]
LaTeX Font Info:    External font `cmex10' loaded for size
(Font)              <10.95> on input line 348.
LaTeX Font Info:    External font `cmex10' loaded for size
(Font)              <8> on input line 348.
LaTeX Font Info:    External font `cmex10' loaded for size
(Font)              <6> on input line 348.
 [20] (main.aux)
 ***********
LaTeX2e <2023-11-01> patch level 1
L3 programming layer <2024-01-22>
 ***********
 ) 
Here is how much of TeX's memory you used:
 3630 strings out of 474542
 58888 string characters out of 5744447
 1930978 words of memory out of 5000000
 25860 multiletter control sequences out of 15000+600000
 563435 words of font info for 54 fonts, out of 8000000 for 9000
 1141 hyphenation exceptions out of 8191
 57i,7n,65p,252b,339s stack positions out of 10000i,1000n,20000p,200000b,200000s
 <C:\Users\mahmu\AppData\Local\MiKTeX\fonts/pk/ljfour/jknappen/ec/dpi600\tcrm1095.pk><C:/Users/mahmu/AppData/Local/Programs/MiKTeX/fonts/type1/public/amsfonts/cm/cmbx10.pfb><C:/Users/mahmu/AppData/Local/Programs/MiKTeX/fonts/type1/public/amsfonts/cm/cmbx12.pfb><C:/Users/mahmu/AppData/Local/Programs/MiKTeX/fonts/type1/public/amsfonts/cm/cmcsc10.pfb><C:/Users/mahmu/AppData/Local/Programs/MiKTeX/fonts/type1/public/amsfonts/cm/cmr10.pfb><C:/Users/mahmu/AppData/Local/Programs/MiKTeX/fonts/type1/public/amsfonts/cm/cmr12.pfb><C:/Users/mahmu/AppData/Local/Programs/MiKTeX/fonts/type1/public/amsfonts/cm/cmtt10.pfb>
Output written on main.pdf (21 pages, 490438 bytes).
PDF statistics:
 190 PDF objects out of 1000 (max. 8388607)
 0 named destinations out of 1000 (max. 500000)
 232 words of extra memory for PDF output out of 10000 (max. 10000000)

